0 silly argv {
0 silly argv   _: [ 'create' ],
0 silly argv   lernaVersion: '4.0.0',
0 silly argv   '$0': 'lerna',
0 silly argv   name: 'component-b'
0 silly argv }
1 notice cli v4.0.0
2 verbose rootPath /Users/andrejbodrov/Desktop/code/nuxt-monorepo-template
3 warn ENOREMOTE No git remote found, skipping repository property
4 error Error: canceled
4 error     at Interface.<anonymous> (/Users/andrejbodrov/Desktop/code/nuxt-monorepo-template/node_modules/read/lib/read.js:66:13)
4 error     at Interface.emit (node:events:394:28)
4 error     at Interface._ttyWrite (node:readline:1069:16)
4 error     at ReadStream.onkeypress (node:readline:288:10)
4 error     at ReadStream.emit (node:events:394:28)
4 error     at emitKeys (node:internal/readline/utils:358:14)
4 error     at emitKeys.next (<anonymous>)
4 error     at ReadStream.onData (node:internal/readline/emitKeypressEvents:61:36)
4 error     at ReadStream.emit (node:events:394:28)
4 error     at addChunk (node:internal/streams/readable:312:12)
4 error     at readableAddChunk (node:internal/streams/readable:287:9)
4 error     at ReadStream.Readable.push (node:internal/streams/readable:226:10)
